This file contains any messages produced by compilers while
running configure, to aid debugging if configure makes a mistake.

It was created by Vulkan_Tutorials configure 1.0, which was
generated by GNU Autoconf 2.69.  Invocation command line was

  $ /home/james/eclipse-workspace/Vulkan_Tutorials/configure --no-create --no-recursion

## --------- ##
## Platform. ##
## --------- ##

hostname = archlinux
uname -m = x86_64
uname -r = 4.9.66-1-lts
uname -s = Linux
uname -v = #1 SMP Thu Nov 30 16:43:22 CET 2017

/usr/bin/uname -p = unknown
/bin/uname -X     = unknown

/bin/arch              = unknown
/usr/bin/arch -k       = unknown
/usr/convex/getsysinfo = unknown
/usr/bin/hostinfo      = unknown
/bin/machine           = unknown
/usr/bin/oslevel       = unknown
/bin/universe          = unknown

PATH: /usr/local/sbin
PATH: /usr/local/bin
PATH: /usr/bin
PATH: /opt/cuda/bin
PATH: /usr/lib/jvm/default/bin
PATH: /usr/bin/site_perl
PATH: /usr/bin/vendor_perl
PATH: /usr/bin/core_perl


## ----------- ##
## Core tests. ##
## ----------- ##

configure:1862: checking build system type
configure:1876: result: x86_64-pc-linux-gnu
configure:1896: checking host system type
configure:1909: result: x86_64-pc-linux-gnu
configure:1929: checking target system type
configure:1942: result: x86_64-pc-linux-gnu
configure:1985: checking for a BSD-compatible install
configure:2053: result: /usr/bin/install -c
configure:2064: checking whether build environment is sane
configure:2119: result: yes
configure:2270: checking for a thread-safe mkdir -p
configure:2309: result: /usr/bin/mkdir -p
configure:2316: checking for gawk
configure:2332: found /usr/bin/gawk
configure:2343: result: gawk
configure:2354: checking whether make sets $(MAKE)
configure:2376: result: yes
configure:2405: checking whether make supports nested variables
configure:2422: result: yes
configure:2603: checking for pkg-config
configure:2621: found /usr/bin/pkg-config
configure:2633: result: /usr/bin/pkg-config
configure:2658: checking pkg-config is at least version 0.9.0
configure:2661: result: yes
configure:2671: checking for vulkan
configure:2678: $PKG_CONFIG --exists --print-errors "vulkan"
configure:2681: $? = 0
configure:2695: $PKG_CONFIG --exists --print-errors "vulkan"
configure:2698: $? = 0
configure:2756: result: yes
configure:2762: checking for glfw3
configure:2769: $PKG_CONFIG --exists --print-errors "glfw3"
configure:2772: $? = 0
configure:2786: $PKG_CONFIG --exists --print-errors "glfw3"
configure:2789: $? = 0
configure:2847: result: yes
configure:2910: checking for g++
configure:2926: found /usr/bin/g++
configure:2937: result: g++
configure:2964: checking for C++ compiler version
configure:2973: g++ --version >&5
g++ (GCC) 7.2.0
Copyright (C) 2017 Free Software Foundation, Inc.
This is free software; see the source for copying conditions.  There is NO
warranty; not even for MERCHANTABILITY or FITNESS FOR A PARTICULAR PURPOSE.

configure:2984: $? = 0
configure:2973: g++ -v >&5
Using built-in specs.
COLLECT_GCC=g++
COLLECT_LTO_WRAPPER=/usr/lib/gcc/x86_64-pc-linux-gnu/7.2.0/lto-wrapper
Target: x86_64-pc-linux-gnu
Configured with: /build/gcc-multilib/src/gcc/configure --prefix=/usr --libdir=/usr/lib --libexecdir=/usr/lib --mandir=/usr/share/man --infodir=/usr/share/info --with-bugurl=https://bugs.archlinux.org/ --enable-languages=c,c++,ada,fortran,go,lto,objc,obj-c++ --enable-shared --enable-threads=posix --enable-libmpx --with-system-zlib --with-isl --enable-__cxa_atexit --disable-libunwind-exceptions --enable-clocale=gnu --disable-libstdcxx-pch --disable-libssp --enable-gnu-unique-object --enable-linker-build-id --enable-lto --enable-plugin --enable-install-libiberty --with-linker-hash-style=gnu --enable-gnu-indirect-function --enable-multilib --disable-werror --enable-checking=release --enable-default-pie --enable-default-ssp
Thread model: posix
gcc version 7.2.0 (GCC) 
configure:2984: $? = 0
configure:2973: g++ -V >&5
g++: error: unrecognized command line option '-V'
g++: fatal error: no input files
compilation terminated.
configure:2984: $? = 1
configure:2973: g++ -qversion >&5
g++: error: unrecognized command line option '-qversion'; did you mean '--version'?
g++: fatal error: no input files
compilation terminated.
configure:2984: $? = 1
configure:3004: checking whether the C++ compiler works
configure:3026: g++    conftest.cpp  >&5
configure:3030: $? = 0
configure:3078: result: yes
configure:3081: checking for C++ compiler default output file name
configure:3083: result: a.out
configure:3089: checking for suffix of executables
configure:3096: g++ -o conftest    conftest.cpp  >&5
configure:3100: $? = 0
configure:3122: result: 
configure:3144: checking whether we are cross compiling
configure:3152: g++ -o conftest    conftest.cpp  >&5
configure:3156: $? = 0
configure:3163: ./conftest
configure:3167: $? = 0
configure:3182: result: no
configure:3187: checking for suffix of object files
configure:3209: g++ -c   conftest.cpp >&5
configure:3213: $? = 0
configure:3234: result: o
configure:3238: checking whether we are using the GNU C++ compiler
configure:3257: g++ -c   conftest.cpp >&5
configure:3257: $? = 0
configure:3266: result: yes
configure:3275: checking whether g++ accepts -g
configure:3295: g++ -c -g  conftest.cpp >&5
configure:3295: $? = 0
configure:3336: result: yes
configure:3370: checking for style of include used by make
configure:3398: result: GNU
configure:3424: checking dependency style of g++
configure:3535: result: gcc3
configure:3698: checking that generated files are newer than configure
configure:3704: result: done
configure:3727: creating ./config.status

## ---------------- ##
## Cache variables. ##
## ---------------- ##

ac_cv_build=x86_64-pc-linux-gnu
ac_cv_cxx_compiler_gnu=yes
ac_cv_env_CCC_set=
ac_cv_env_CCC_value=
ac_cv_env_CPPFLAGS_set=
ac_cv_env_CPPFLAGS_value=
ac_cv_env_CXXFLAGS_set=
ac_cv_env_CXXFLAGS_value=
ac_cv_env_CXX_set=
ac_cv_env_CXX_value=
ac_cv_env_LDFLAGS_set=
ac_cv_env_LDFLAGS_value=
ac_cv_env_LIBS_set=
ac_cv_env_LIBS_value=
ac_cv_env_PKG_CONFIG_LIBDIR_set=
ac_cv_env_PKG_CONFIG_LIBDIR_value=
ac_cv_env_PKG_CONFIG_PATH_set=
ac_cv_env_PKG_CONFIG_PATH_value=
ac_cv_env_PKG_CONFIG_set=
ac_cv_env_PKG_CONFIG_value=
ac_cv_env_build_alias_set=
ac_cv_env_build_alias_value=
ac_cv_env_glfw3_CFLAGS_set=
ac_cv_env_glfw3_CFLAGS_value=
ac_cv_env_glfw3_LIBS_set=
ac_cv_env_glfw3_LIBS_value=
ac_cv_env_host_alias_set=
ac_cv_env_host_alias_value=
ac_cv_env_target_alias_set=
ac_cv_env_target_alias_value=
ac_cv_env_vulkan_CFLAGS_set=
ac_cv_env_vulkan_CFLAGS_value=
ac_cv_env_vulkan_LIBS_set=
ac_cv_env_vulkan_LIBS_value=
ac_cv_host=x86_64-pc-linux-gnu
ac_cv_objext=o
ac_cv_path_ac_pt_PKG_CONFIG=/usr/bin/pkg-config
ac_cv_path_install='/usr/bin/install -c'
ac_cv_path_mkdir=/usr/bin/mkdir
ac_cv_prog_AWK=gawk
ac_cv_prog_ac_ct_CXX=g++
ac_cv_prog_cxx_g=yes
ac_cv_prog_make_make_set=yes
ac_cv_target=x86_64-pc-linux-gnu
am_cv_CXX_dependencies_compiler_type=gcc3
am_cv_make_support_nested_variables=yes
pkg_cv_glfw3_CFLAGS=
pkg_cv_glfw3_LIBS=-lglfw
pkg_cv_vulkan_CFLAGS=
pkg_cv_vulkan_LIBS='-lvulkan -lstdc++ -lm -lgcc_s -lgcc -lc -lgcc_s -lgcc'

## ----------------- ##
## Output variables. ##
## ----------------- ##

ACLOCAL='${SHELL} /home/james/eclipse-workspace/Vulkan_Tutorials/missing aclocal-1.15'
AMDEPBACKSLASH='\'
AMDEP_FALSE='#'
AMDEP_TRUE=''
AMTAR='$${TAR-tar}'
AM_BACKSLASH='\'
AM_DEFAULT_V='$(AM_DEFAULT_VERBOSITY)'
AM_DEFAULT_VERBOSITY='1'
AM_V='$(V)'
AUTOCONF='${SHELL} /home/james/eclipse-workspace/Vulkan_Tutorials/missing autoconf'
AUTOHEADER='${SHELL} /home/james/eclipse-workspace/Vulkan_Tutorials/missing autoheader'
AUTOMAKE='${SHELL} /home/james/eclipse-workspace/Vulkan_Tutorials/missing automake-1.15'
AWK='gawk'
CPPFLAGS=''
CXX='g++'
CXXDEPMODE='depmode=gcc3'
CXXFLAGS='-g -O2'
CYGPATH_W='echo'
DEFS='-DPACKAGE_NAME=\"Vulkan_Tutorials\" -DPACKAGE_TARNAME=\"vulkan_tutorials\" -DPACKAGE_VERSION=\"1.0\" -DPACKAGE_STRING=\"Vulkan_Tutorials\ 1.0\" -DPACKAGE_BUGREPORT=\"\" -DPACKAGE_URL=\"\" -DPACKAGE=\"vulkan_tutorials\" -DVERSION=\"1.0\"'
DEPDIR='.deps'
ECHO_C=''
ECHO_N='-n'
ECHO_T=''
EXEEXT=''
INSTALL_DATA='${INSTALL} -m 644'
INSTALL_PROGRAM='${INSTALL}'
INSTALL_SCRIPT='${INSTALL}'
INSTALL_STRIP_PROGRAM='$(install_sh) -c -s'
LDFLAGS=''
LIBOBJS=''
LIBS=''
LTLIBOBJS=''
MAKEINFO='${SHELL} /home/james/eclipse-workspace/Vulkan_Tutorials/missing makeinfo'
MKDIR_P='/usr/bin/mkdir -p'
OBJEXT='o'
PACKAGE='vulkan_tutorials'
PACKAGE_BUGREPORT=''
PACKAGE_NAME='Vulkan_Tutorials'
PACKAGE_STRING='Vulkan_Tutorials 1.0'
PACKAGE_TARNAME='vulkan_tutorials'
PACKAGE_URL=''
PACKAGE_VERSION='1.0'
PATH_SEPARATOR=':'
PKG_CONFIG='/usr/bin/pkg-config'
PKG_CONFIG_LIBDIR=''
PKG_CONFIG_PATH=''
SET_MAKE=''
SHELL='/bin/sh'
STRIP=''
VERSION='1.0'
ac_ct_CXX='g++'
am__EXEEXT_FALSE=''
am__EXEEXT_TRUE='#'
am__fastdepCXX_FALSE='#'
am__fastdepCXX_TRUE=''
am__include='include'
am__isrc=''
am__leading_dot='.'
am__nodep='_no'
am__quote=''
am__tar='$${TAR-tar} chof - "$$tardir"'
am__untar='$${TAR-tar} xf -'
bindir='${exec_prefix}/bin'
build='x86_64-pc-linux-gnu'
build_alias=''
build_cpu='x86_64'
build_os='linux-gnu'
build_vendor='pc'
datadir='${datarootdir}'
datarootdir='${prefix}/share'
docdir='${datarootdir}/doc/${PACKAGE_TARNAME}'
dvidir='${docdir}'
exec_prefix='${prefix}'
glfw3_CFLAGS=''
glfw3_LIBS='-lglfw'
host='x86_64-pc-linux-gnu'
host_alias=''
host_cpu='x86_64'
host_os='linux-gnu'
host_vendor='pc'
htmldir='${docdir}'
includedir='${prefix}/include'
infodir='${datarootdir}/info'
install_sh='${SHELL} /home/james/eclipse-workspace/Vulkan_Tutorials/install-sh'
libdir='${exec_prefix}/lib'
libexecdir='${exec_prefix}/libexec'
localedir='${datarootdir}/locale'
localstatedir='${prefix}/var'
mandir='${datarootdir}/man'
mkdir_p='$(MKDIR_P)'
oldincludedir='/usr/include'
pdfdir='${docdir}'
prefix='/usr/local'
program_transform_name='s,x,x,'
psdir='${docdir}'
sbindir='${exec_prefix}/sbin'
sharedstatedir='${prefix}/com'
sysconfdir='${prefix}/etc'
target='x86_64-pc-linux-gnu'
target_alias=''
target_cpu='x86_64'
target_os='linux-gnu'
target_vendor='pc'
vulkan_CFLAGS=''
vulkan_LIBS='-lvulkan -lstdc++ -lm -lgcc_s -lgcc -lc -lgcc_s -lgcc'

## ----------- ##
## confdefs.h. ##
## ----------- ##

/* confdefs.h */
#define PACKAGE_NAME "Vulkan_Tutorials"
#define PACKAGE_TARNAME "vulkan_tutorials"
#define PACKAGE_VERSION "1.0"
#define PACKAGE_STRING "Vulkan_Tutorials 1.0"
#define PACKAGE_BUGREPORT ""
#define PACKAGE_URL ""
#define PACKAGE "vulkan_tutorials"
#define VERSION "1.0"

configure: exit 0

## ---------------------- ##
## Running config.status. ##
## ---------------------- ##

This file was extended by Vulkan_Tutorials config.status 1.0, which was
generated by GNU Autoconf 2.69.  Invocation command line was

  CONFIG_FILES    = 
  CONFIG_HEADERS  = 
  CONFIG_LINKS    = 
  CONFIG_COMMANDS = 
  $ ./config.status 

on archlinux

config.status:793: creating Makefile
config.status:793: creating src/first_window/Makefile
config.status:793: creating src/triangle/Makefile
config.status:965: executing depfiles commands
